1722334281329	geckodriver	INFO	Listening on 127.0.0.1:53255
1722334284254	mozrunner::runner	INFO	Running command: "C:\\Program Files\\Mozilla Firefox\\firefox.exe" "--marionette" "--remote-debugging-port" "53256" "--remote ... ost" "-no-remote" "-profile" "C:\\Users\\IMS-USER81\\AppData\\Local\\robocorp\\temp\\6889c803e9cc5470\\rust_mozprofileAIfRmp"
console.warn: services.settings: Ignoring preference override of remote settings server
console.warn: services.settings: Allow by setting MOZ_REMOTE_SETTINGS_DEVTOOLS=1 in the environment
Dynamically enable window occlusion 0
1722334285465	Marionette	INFO	Marionette enabled
1722334285829	Marionette	INFO	Listening on port 53612
WebDriver BiDi listening on ws://127.0.0.1:53256
Read port: 53612
1722334286083	RemoteAgent	WARN	TLS certificate errors will be ignored for this session
DevTools listening on ws://127.0.0.1:53256/devtools/browser/853edb72-9e26-4153-b551-4d2d3b84cf21
console.warn: LoginRecipes: "Falling back to a synchronous message for: http://localhost:5050."
console.warn: LoginRecipes: "Falling back to a synchronous message for: http://localhost:5050."
JavaScript error: resource://gre/actors/FormHandlerChild.sys.mjs, line 103: InvalidStateError: JSWindowActorChild.document getter: Cannot access property 'document' after actor 'FormHandler' has been destroyed
JavaScript error: resource://gre/actors/FormHandlerChild.sys.mjs, line 182: InvalidStateError: JSWindowActorChild.document getter: Cannot access property 'document' after actor 'FormHandler' has been destroyed
JavaScript error: resource://gre/actors/FormHandlerChild.sys.mjs, line 182: InvalidStateError: JSWindowActorChild.document getter: Cannot access property 'document' after actor 'FormHandler' has been destroyed
1722334315485	addons.xpi	ERROR	System addon update list error SyntaxError: XMLHttpRequest.open: 'http://%(server)s/dummy-system-addons.xml' is not a valid URL.
Exiting due to channel error.
Exiting due to channel error.
Exiting due to channel error.
Exiting due to channel error.
